<?xml version="1.0" encoding="UTF-8"?>
<!-- Generated by org.testng.reporters.JUnitReportReporter -->
<testsuite hostname="DESKTOP-JLAQ0AA" failures="0" tests="1" name="RegistrationPageTest.RegistrationTestScript" time="19.107" errors="0" timestamp="2021-03-02T12:33:50 GMT" skipped="0">
  <testcase classname="RegistrationPageTest.RegistrationTestScript" name="verifySearch" time="19.107"/>
  <system-out/>
</testsuite> <!-- RegistrationPageTest.RegistrationTestScript -->
